<?xml version="1.0" encoding="UTF-8"?>
<!-- Generated by org.testng.reporters.JUnitReportReporter -->
<testsuite hostname="DESKTOP-PMD8AF7" failures="0" tests="1" name="com.ds.testLayer.LogoutFunctionality" time="104.903" errors="0" timestamp="2023-02-03T16:30:13 IST" skipped="0">
  <testcase classname="com.ds.testLayer.LogoutFunctionality" name="verifyLogoutFunctionality" time="104.903"/>
  <system-out/>
</testsuite> <!-- com.ds.testLayer.LogoutFunctionality -->
