<?xml version="1.0" encoding="UTF-8"?>
<!-- Generated by org.testng.reporters.JUnitReportReporter -->
<testsuite hostname="DESKTOP-PMD8AF7" failures="0" tests="1" name="com.ds.testLayer.TranactionTest" time="77.549" errors="0" timestamp="2023-02-03T10:52:30 IST" skipped="0">
  <testcase classname="com.ds.testLayer.TranactionTest" name="getDataFromTransactionPage" time="77.549"/>
  <system-out/>
</testsuite> <!-- com.ds.testLayer.TranactionTest -->
