<?xml version="1.0" encoding="UTF-8"?>
<!-- Generated by org.testng.reporters.JUnitReportReporter -->
<testsuite hostname="DESKTOP-PMD8AF7" failures="0" tests="1" name="com.ts.testBase.TestBase" time="38.545" errors="0" timestamp="2023-02-01T23:48:37 IST" skipped="0">
  <testcase classname="com.ts.testBase.TestBase" name="test1" time="38.545"/>
  <system-out/>
</testsuite> <!-- com.ts.testBase.TestBase -->
